<?xml version="1.0" encoding="UTF-8"?>
<!-- Generated by org.testng.reporters.JUnitReportReporter -->
<testsuite hostname="DESKTOP-7HDEA50" failures="0" tests="1" name="tests.LoginTest" time="12.612" errors="0" timestamp="2025-09-17T13:09:55 IST" skipped="0">
  <testcase classname="tests.LoginTest" name="testLogin" time="12.612"/>
</testsuite> <!-- tests.LoginTest -->
